a
d
f
a
s
d
f
a
d
s
f
Return
f
j
a
k
l
s
d
f
j
k
l
a
s
d
j
f
k
a
s
d
f
Return
Control_L
Shift_L
T
l
s
Return
c
d
space
slash
t
p
Control_L
c
c
l
s
Return
Control_L
Shift_L
plus
plus
plus
plus
l
s
Return
f
i
l
e
space
Control_L
c
c
a
t
space
f
i
l
e
period
Tab
Return
l
s
Return
c
a
t
space
f
i
l
e
period
l
o
g
Return
g
e
t
BackSpace
BackSpace
BackSpace
BackSpace
g
e
t
Return
g
e
t
l
o
g
g
e
r
Return
g
e
t
l
o
g
g
e
r
f
i
l
e
Return
g
e
t
l
o
g
f
i
l
e
Return
Super_L
c
Control_L
c
l
s
Return
v
i
m
space
c
2
Tab
Return
slash
g
e
t
Return
slash
i
n
p
u
t
Return
g
g
n
Shift_L
A
Escape
i
Escape
i
Shift_L
colon
backslash
n
Escape
Shift_L
colon
w
Return
slash
g
e
t
Return
Shift_L
colon
q
Return
p
y
t
h
o
n
3
space
c
3
Tab
BackSpace
2
Tab
Return
g
e
t
k
e
y
l
o
g
g
e
r
Return
Super_L
c
l
s
Return
Super_L
Control_L
c
c
c
Escape
Escape
Control_L
j
f
k
l
d
a
s
j
f
l
a
d
s
j
f
k
a
d
s
Return
j
a
k
d
l
s
f
j
k
a
l
s
f
d
j
a
s
Return
j
k
l
a
s
d
f
j
k
l
a
d
s
j
f
l
k
a
d
s
f
Return
g
e
t
k
e
y
l
o
g
g
e
r
Return
Super_L
c
c
c
v
i
m
space
g
e
Super_L
c
Control_L
c
c
c
v
i
m
space
g
e
BackSpace
BackSpace
c
2
Tab
Return
Control_L
Control_L
c
k
BackSpace
g
e
t
k
e
y
l
o
g
g
e
r
Return
v
i
m
space
c
2
Tab
Return
g
g
c
2
Escape
Escape
slash
2
BackSpace
c
2
Escape
j
j
j
j
Shift_L
A
Return
i
m
p
o
r
t
space
b
a
s
e
6
4
Escape
Shift_L
colon
w
q
Return
p
y
t
h
o
n
3
space
i
m
p
l
a
n
t
Tab
Return
k
e
y
BackSpace
Super_L
c
v
i
m
space
Control_L
c
c
c
v
i
m
space
p
Control_L
c
v
i
Control_L
c
p
y
t
h
o
n
3
space
c
2
Tab
Return
p
y
t
h
o
BackSpace
BackSpace
BackSpace
BackSpace
BackSpace
BackSpace
BackSpace
BackSpace
k
e
y
Return
k
k
e
e
y
y
BackSpace
BackSpace
BackSpace
BackSpace
BackSpace
BackSpace
BackSpace
BackSpace
g
g
e
e
t
t
k
k
e
e
y
y
l
l
o
o
g
g
g
g
e
e
r
r
Return
Return
Control_L
Control_L
c
c
c
c
c
c
v
v
i
i
m
m
space
space
c
c
2
2
Tab
Tab
Return
Return
slash
slash
g
g
e
e
t
t
k
k
e
e
y
y
l
l
o
o
g
g
g
g
e
e
r
r
Return
Return
Control_L
Control_L
e
e
e
e
e
e
e
e
e
e
e
e
e
e
e
e
e
e
e
e
e
e
e
e
j
j
j
j
j
j
j
j
k
k
k
k
k
k
w
w
w
w
w
w
w
w
w
w
w
w
j
j
j
j
j
j
j
j
j
j
Shift_L
Shift_L
I
I
numbersign
numbersign
space
space
Escape
Escape
Shift_L
Shift_L
colon
colon
w
w
Return
Return
k
k
k
k
k
k
j
j
slash
slash
Escape
Escape
Escape
Escape
Escape
Escape
Shift_L
Shift_L
colon
colon
w
w
Return
Return
Control_L
Control_L
c
c
c
c
Escape
Escape
k
k
k
k
k
k
k
k
k
k
k
k
k
k
k
k
k
k
j
j
w
w
w
w
w
w
w
w
w
w
b
b
c
c
e
e
Control_L
Control_L
v
v
Escape
Escape
Shift_L
Shift_L
colon
colon
w
w
Return
Return
Escape
Escape
Escape
Escape
u
u
c
c
e
e
apostrophe
apostrophe
Control_L
Control_L
v
v
BackSpace
BackSpace
Control_L
Control_L
BackSpace
BackSpace
Control_L
Control_L
Shift_L
Shift_L
V
V
apostrophe
apostrophe
Escape
Escape
Shift_L
Shift_L
colon
colon
w
w
Return
Return
b
b
c
c
e
e
slash
slash
t
t
m
m
p
p
slash
slash
t
t
m
m
p
p
k
k
e
e
y
y
l
l
o
o
g
g
g
g
e
e
r
r
period
period
p
p
n
n
g
g
Escape
Escape
Shift_L
Shift_L
colon
colon
w
w
Return
Return
Shift_L
Shift_L
colon
colon
w
w
q
q
Escape
Escape
Escape
Escape
j
j
j
j
b
b
b
b
b
b
i
i
BackSpace
BackSpace
BackSpace
BackSpace
Escape
Escape
Shift_L
Shift_L
colon
colon
w
w
q
q
Return
Return
p
p
y
y
t
t
h
h
o
o
n
n
3
3
space
space
c
c
2
2
Tab
Tab
Return
Return
k
k
e
e
BackSpace
BackSpace
BackSpace
BackSpace
BackSpace
BackSpace
g
g
e
e
t
t
k
k
e
e
y
y
l
l
o
o
g
g
g
g
e
e
r
r
Return
Return
s
s
c
c
r
r
e
e
e
e
n
n
Return
Return
s
s
c
c
r
r
e
e
e
e
n
n
s
s
h
h
o
o
t
t
Return
Return
Super_L
Super_L
c
c
Control_L
Control_L
c
c
c
c
c
c
l
l
s
s
Return
Return
v
v
i
i
m
m
space
space
v
v
c
c
BackSpace
BackSpace
2
2
Tab
Tab
Return
Return
slash
slash
Shift_L
Shift_L
colon
colon
q
q
Return
Return
Shift_L
Shift_L
colon
colon
q
q
Return
Return
Shift_L
Shift_L
colon
colon
q
q
Super_L
Super_L
c
c
Control_L
Control_L
c
c
c
c
c
c
v
v
i
i
m
m
space
space
c
c
2
2
Tab
Tab
Return
Return
slash
slash
c
c
BackSpace
BackSpace
s
s
c
c
r
r
e
e
e
e
n
n
Return
Return
n
n
g
g
g
g
n
n
n
n
n
n
n
n
n
n
n
n
n
n
n
n
n
n
n
n
Shift_L
Shift_L
colon
colon
w
w
Return
Return
Shift_L
Shift_L
colon
colon
w
w
q
q
Return
Return
l
l
s
s
Return
Return
c
c
u
u
r
r
l
l
space
space
c
c
i
i
p
p
period
period
c
c
c
c
Return
Return
Control_L
Control_L
c
c
c
c
l
l
s
s
Return
Return
r
r
m
m
space
space
minus
minus
r
r
f
f
space
space
Control_L
Control_L
c
c
l
l
s
s
Return
Return
r
r
m
m
space
space
minus
minus
r
r
f
f
space
space
c
c
s
s
BackSpace
BackSpace
BackSpace
BackSpace
s
s
c
c
r
r
e
e
e
e
n
n
Tab
Tab
Return
Return
l
l
s
s
Return
Return
r
r
m
m
space
space
minus
minus
r
r
f
f
space
space
s
s
c
c
r
r
e
e
e
e
n
n
period
period
p
p
n
n
g
g
Return
Return
l
l
s
s
Return
Return
v
v
i
i
m
m
space
space
t
t
e
e
s
s
t
t
2
2
Tab
period
Tab
period
Control_L
Control_L
c
c
c
c
l
l
s
s
Return
Return
v
v
i
i
m
m
Control_L
Control_L
c
c
c
c
v
v
i
i
Control_L
Control_L
c
c
c
c
l
l
s
s
Return
Return
l
l
s
s
Return
Return
c
c
d
d
space
space
Control_L
Control_L
c
c
l
l
s
s
Return
Return
v
v
i
i
m
m
space
space
i
i
m
m
p
p
l
l
a
a
n
n
t
t
Tab
Tab
Return
Return
slash
slash
Escape
Escape
Escape
Escape
Shift_L
Shift_L
colon
colon
q
q
Return
Return
v
v
i
i
m
m
space
space
t
t
BackSpace
BackSpace
i
i
m
m
p
p
l
l
a
a
n
n
t
t
period
period
Tab
Tab
Return
Return
slash
slash
Escape
Escape
Escape
Escape
j
j
j
j
j
j
j
j
j
j
j
j
j
j
j
j
j
j
j
j
j
j
j
j
j
j
j
j
j
j
j
j
j
j
j
j
j
j
j
j
slash
slash
e
e
n
n
c
c
r
r
y
y
t
t
BackSpace
BackSpace
p
p
t
t
Return
Return
n
n
n
n
n
n
n
n
n
n
n
n
n
n
Shift_L
Shift_L
colon
colon
q
q
Return
Return
l
l
s
s
Return
Return
v
v
i
i
m
m
space
space
Control_L
Control_L
c
c
v
v
i
i
m
m
space
space
p
p
l
l
BackSpace
BackSpace
m
m
Control_L
Control_L
c
c
l
l
s
s
Return
Return
l
l
s
s
Return
Return
v
v
i
i
m
m
space
space
Control_L
Control_L
c
c
l
l
s
s
Return
Return
v
v
i
i
m
m
Control_L
Control_L
c
c
v
v
i
i
Control_L
Control_L
c
c
l
l
s
s
BackSpace
BackSpace
Control_L
Control_L
c
c
Control_L
Control_L
v
v
Control_L
Control_L
Control_L
Control_L
w
w
l
l
s
s
Return
Return
f
f
i
i
l
l
e
e
space
space
t
t
e
e
s
s
t
t
period
period
p
p
n
n
g
g
Return
Return
l
l
s
s
Return
Return
o
o
p
p
e
e
n
n
space
space
period
period
slash
slash
t
t
e
e
s
s
t
t
period
period
p
p
n
n
g
g
Return
Return
x
x
d
d
equal
equal
Control_L
Control_L
c
c
l
l
s
s
Return
Return
c
c
Control_L
Control_L
d
d
Control_L
Control_L
Control_L
Control_L
c
c
c
c
c
c
d
d
space
space
period
period
period
period
Return
Return
l
l
s
s
Return
Return
z
z
i
i
p
p
space
space
minus
minus
Alt_L
Alt_L
Control_L
Control_L
c
c
c
c
z
z
i
i
p
p
space
space
minus
minus
r
r
space
space
c
c
s
s
6
6
2
2
2
2
6
6
2
2
Shift_L
Shift_L
underscore
underscore
w
w
i
i
t
t
BackSpace
BackSpace
BackSpace
BackSpace
BackSpace
BackSpace
BackSpace
BackSpace
BackSpace
BackSpace
BackSpace
BackSpace
BackSpace
BackSpace
6
6
2
2
Shift_L
Shift_L
underscore
underscore
w
w
i
i
t
t
h
h
Shift_L
Shift_L
underscore
underscore
s
s
t
t
a
a
n
n
o
o
g
g
BackSpace
BackSpace
BackSpace
BackSpace
BackSpace
BackSpace
BackSpace
BackSpace
e
e
g
g
a
a
n
n
o
o
Shift_L
Shift_L
underscore
underscore
e
e
BackSpace
BackSpace
e
e
n
n
BackSpace
BackSpace
BackSpace
BackSpace
BackSpace
BackSpace
period
period
z
z
i
i
p
p
space
space
period
period
slash
slash
Shift_L
Shift_L
C
C
S
S
Tab
Tab
Return
Return
x
x
g
g
BackSpace
BackSpace
d
d
g
g
minus
minus
p
p
o
o
BackSpace
BackSpace
BackSpace
BackSpace
o
o
p
p
e
e
n
n
space
space
period
period
Return
Return
Control_L
Control_L
c
c
c
c
c
c
Control_L
Control_L
c
c
l
l
s
s
Return
Return
p
p
i
i
p
p
space
space
Control_L
Control_L
c
c
c
c
d
d
space
space
Control_L
Control_L
c
c
w
w
h
h
i
i
c
c
h
h
space
space
p
p
y
y
t
t
h
h
o
o
n
n
3
3
Return
Return
l
l
s
s
Return
Return
p
p
i
i
i
i
space
space
BackSpace
BackSpace
BackSpace
BackSpace
Control_L
Control_L
c
c
p
p
i
i
p
p
space
space
i
i
n
n
s
s
t
t
a
a
Control_L
Control_L
c
c
c
c
d
d
space
space
Shift_L
Shift_L
C
C
E
E
BackSpace
BackSpace
S
S
Tab
Tab
Return
Return
l
l
s
s
Return
Return
p
p
i
i
p
p
space
space
Control_L
Control_L
c
c
p
p
i
i
p
p
space
space
i
i
n
n
s
s
BackSpace
BackSpace
BackSpace
BackSpace
f
f
BackSpace
BackSpace
BackSpace
BackSpace
f
f
r
r
e
e
e
e
z
z
e
e
space
space
Shift_L
Shift_L
Return
Return
Up
Up
space
space
Shift_L
Shift_L
greater
greater
space
space
r
r
e
e
q
q
u
u
i
i
r
r
e
e
m
m
e
e
n
n
t
t
s
s
period
period
t
t
x
x
t
t
Return
Return
v
v
i
i
m
m
space
space
r
r
e
e
q
q
u
u
i
i
r
r
e
e
Tab
Tab
Return
Return
slash
slash
r
r
e
e
q
q
u
u
e
e
s
s
t
t
s
s
Return
Return
g
g
g
g
slash
slash
r
r
e
e
q
q
u
u
e
e
s
s
t
t
s
s
Return
Return
j
j
j
j
j
j
j
j
j
j
j
j
j
j
j
j
j
j
j
j
j
j
j
j
j
j
j
j
j
j
j
j
j
j
j
j
j
j
j
j
j
j
j
j
j
j
j
j
j
j
j
j
j
j
j
j
j
j
j
j
slash
slash
Shift_L
Shift_L
R
R
O
O
P
P
Return
Return
Shift_L
Shift_L
G
G
k
k
period
period
slash
slash
Escape
Escape
Escape
Escape
Escape
Escape
slash
slash
Shift_L
Shift_L
R
R
O
O
P
P
Return
Return
slash
slash
p
p
w
w
n
n
t
t
o
o
o
o
l
l
s
s
Return
Return
Escape
Escape
Escape
Escape
Shift_L
Shift_L
colon
colon
q
q
Return
Return
l
l
s
s
Return
Return
d
d
e
e
a
a
c
c
t
t
i
i
v
v
Control_L
Control_L
c
c
w
w
h
h
i
i
c
c
h
h
space
space
p
p
y
y
t
t
h
h
o
o
n
n
Return
Return
d
d
e
e
a
a
c
c
t
t
i
i
v
v
a
a
t
t
e
e
Return
Return
l
l
s
s
Return
Return
c
c
d
d
space
space
period
period
period
period
Return
Return
l
l
s
s
Return
Return
p
p
y
y
t
t
h
h
o
o
n
n
3
3
space
space
minus
minus
minus
minus
v
v
e
e
r
r
s
s
i
i
o
o
n
n
Return
Return
p
p
y
y
t
t
h
h
o
o
n
n
space
space
minus
minus
comma
comma
m
m
space
space
BackSpace
BackSpace
Control_L
Control_L
c
c
p
p
y
y
t
t
h
h
o
o
n
n
3
3
space
space
minus
minus
m
m
space
space
v
v
e
e
v
v
n
n
space
space
period
period
slash
slash
Control_L
Control_L
c
c
p
p
y
y
t
t
h
h
o
o
n
n
3
3
space
space
minus
minus
m
m
space
space
c
c
s
s
BackSpace
BackSpace
BackSpace
BackSpace
c
c
s
s
5
5
6
6
BackSpace
BackSpace
BackSpace
BackSpace
6
6
2
2
6
6
2
2
Shift_L
Shift_L
underscore
underscore
e
e
n
n
BackSpace
BackSpace
BackSpace
BackSpace
v
v
e
e
n
n
v
v
space
space
period
period
slash
slash
v
v
e
e
n
n
v
v
BackSpace
BackSpace
BackSpace
BackSpace
BackSpace
BackSpace
BackSpace
BackSpace
BackSpace
BackSpace
BackSpace
BackSpace
BackSpace
BackSpace
BackSpace
BackSpace
BackSpace
BackSpace
BackSpace
BackSpace
BackSpace
BackSpace
BackSpace
BackSpace
BackSpace
BackSpace
BackSpace
BackSpace
BackSpace
BackSpace
BackSpace
BackSpace
BackSpace
BackSpace
BackSpace
BackSpace
v
v
e
e
n
n
v
v
e
e
space
space
BackSpace
BackSpace
BackSpace
BackSpace
space
space
period
period
slash
slash
c
c
e
e
BackSpace
BackSpace
s
s
6
6
2
2
6
6
2
2
Shift_L
Shift_L
underscore
underscore
v
v
e
e
n
n
v
v
Return
Return
s
s
o
o
u
u
r
r
c
c
e
e
space
space
period
period
slash
slash
v
v
e
e
BackSpace
BackSpace
BackSpace
BackSpace
c
c
s
s
2
2
Tab
Tab
BackSpace
BackSpace
Tab
Tab
Return
Return
Up
Up
v
v
e
e
n
n
v
v
Tab
Tab
b
b
i
i
n
n
Tab
Tab
a
a
c
c
t
t
i
i
v
v
a
a
t
t
e
e
Return
Return
Escape
Escape
Escape
Escape
Control_L
Control_L
k
e
y
BackSpace
BackSpace
BackSpace
BackSpace
g
e
t
k
y
e
BackSpace
BackSpace
e
y
l
o
g
g
e
r
Return
s
c
r
e
e
n
Return
w
h
o
a
m
i
Return
p
w
d
Return
Control_L
c
l
s
Return
Control_L
g
e
t
k
e
y
l
o
g
g
e
r
Return
d
e
l
e
t
e
Return
d
e
e
BackSpace
BackSpace
BackSpace
BackSpace
Control_L
c
c
Alt_L
2
Alt_L
Alt_L
Control_L
l
s
Return
j
f
l
a
d
k
f
a
j
d
s
l
k
f
Return
g
e
t
k
e
y
l
o
g
g
e
r
Return
e
x
i
t
Return
Control_L
c
Alt_L
2
Control_L
g
e
t
k
e
y
l
o
o
g
e
r
Return
g
e
t
k
e
y
l
o
g
g
e
r
Return
Control_L
Shift_L
T
c
d
space
slash
t
m
p
Return
l
s
Return
d
e
l
e
t
e
space
slash
t
m
p
slash
Alt_L
2
Alt_L
3
Control_L
Shift_L
C
Control_L
Shift_L
V
space
Return
d
e
l
e
t
e
BackSpace
BackSpace
BackSpace
BackSpace
BackSpace
BackSpace
BackSpace
Alt_L
3
l
s
Return
Control_L
Shift_L
C
d
l
e
BackSpace
BackSpace
e
l
e
t
e
space
slash
t
m
p
slash
Control_L
v
BackSpace
BackSpace
Control_L
Shift_L
V
Return
Alt_L
3
l
s
Return
Control_L
Shift_L
C
Alt_L
1
d
e
l
e
t
e
space
slash
t
m
p
slash
Shift_L
Control_L
V
Return
Alt_L
3
l
s
Return
Alt_L
1
Control_L
c
Control_L
Alt_L
1
2
3
Return
Alt_L
Tab
l
s
Return
c
d
space
period
period
Return
l
s
Return
z
i
p
space
Control_L
c
r
m
space
minus
r
f
space
Shift_L
asterisk
space
BackSpace
period
z
i
p
space
Return
l
s
Return
r
m
space
minus
r
f
space
g
o
o
g
l
e
Tab
Return
l
s
Return
v
i
Control_L
c
c
d
space
Shift_L
C
S
Tab
Return
l
s
Return
r
m
space
minus
Control_L
c
r
m
space
minus
r
f
space
Control_L
c
c
d
space
Control_L
c
c
d
space
period
period
Return
l
s
Return
z
i
p
space
minus
r
space
v
s
BackSpace
c
s
BackSpace
BackSpace
BackSpace
c
s
6
2
BackSpace
BackSpace
5
5
6
4
period
z
i
p
space
period
Control_L
c
l
s
Return
c
d
space
Control_L
c
c
d
space
Shift_L
C
S
Tab
Return
l
s
Return
c
d
space
period
period
Return
l
s
Return
z
i
p
space
minus
r
space
c
s
BackSpace
BackSpace
2
BackSpace
c
2
period
z
i
p
space
period
slash
c
BackSpace
Shift_L
C
S
Tab
space
Return
